# JRE version: Java(TM) SE Runtime Environment (8.0_60-b27) (build 1.8.0_60-b27)
# Java VM: Java HotSpot(TM) Client VM (25.60-b23 mixed mode windows-x86 )
Heap:
 def new generation   total 12672K, used 4362K [0x04600000, 0x053c0000, 0x09b50000)
  eden space 11264K,  29% used [0x04600000, 0x04947018, 0x05100000)
  from space 1408K,  79% used [0x05100000, 0x05219400, 0x05260000)
  to   space 1408K,   0% used [0x05260000, 0x05260000, 0x053c0000)
 tenured generation   total 28096K, used 20258K [0x09b50000, 0x0b6c0000, 0x14600000)
   the space 28096K,  72% used [0x09b50000, 0x0af18988, 0x0af18a00, 0x0b6c0000)
 Metaspace       used 22674K, capacity 23593K, committed 23680K, reserved 23936K
GC Heap History (10 events):
Event: 3.112 GC heap before
{Heap before GC invocations=80 (full 2):
 def new generation   total 7552K, used 6735K [0x04600000, 0x04e30000, 0x09b50000)
  eden space 6720K, 100% used [0x04600000, 0x04c90000, 0x04c90000)
  from space 832K,   1% used [0x04c90000, 0x04c93ea8, 0x04d60000)
  to   space 832K,   0% used [0x04d60000, 0x04d60000, 0x04e30000)
 tenured generation   total 16728K, used 16620K [0x09b50000, 0x0aba6000, 0x14600000)
   the space 16728K,  99% used [0x09b50000, 0x0ab8b378, 0x0ab8b400, 0x0aba6000)
 Metaspace       used 19429K, capacity 20296K, committed 20352K, reserved 20864K
Event: 3.114 GC heap after
Heap after GC invocations=81 (full 2):
 def new generation   total 7552K, used 355K [0x04600000, 0x04e30000, 0x09b50000)
  eden space 6720K,   0% used [0x04600000, 0x04600000, 0x04c90000)
  from space 832K,  42% used [0x04d60000, 0x04db8c00, 0x04e30000)
  to   space 832K,   0% used [0x04c90000, 0x04c90000, 0x04d60000)
 tenured generation   total 16728K, used 16620K [0x09b50000, 0x0aba6000, 0x14600000)
   the space 16728K,  99% used [0x09b50000, 0x0ab8b378, 0x0ab8b400, 0x0aba6000)
 Metaspace       used 19429K, capacity 20296K, committed 20352K, reserved 20864K
}
Event: 3.171 GC heap before
{Heap before GC invocations=81 (full 2):
 def new generation   total 7552K, used 7075K [0x04600000, 0x04e30000, 0x09b50000)
  eden space 6720K, 100% used [0x04600000, 0x04c90000, 0x04c90000)
  from space 832K,  42% used [0x04d60000, 0x04db8c00, 0x04e30000)
  to   space 832K,   0% used [0x04c90000, 0x04c90000, 0x04d60000)
 tenured generation   total 16728K, used 16620K [0x09b50000, 0x0aba6000, 0x14600000)
   the space 16728K,  99% used [0x09b50000, 0x0ab8b378, 0x0ab8b400, 0x0aba6000)
 Metaspace       used 19552K, capacity 20412K, committed 20480K, reserved 20864K
Event: 3.219 GC heap after
Heap after GC invocations=82 (full 3):
 def new generation   total 12672K, used 16K [0x04600000, 0x053c0000, 0x09b50000)
  eden space 11264K,   0% used [0x04600000, 0x04604198, 0x05100000)
  from space 1408K,   0% used [0x05100000, 0x05100000, 0x05260000)
  to   space 1408K,   0% used [0x05260000, 0x05260000, 0x053c0000)
 tenured generation   total 28096K, used 16855K [0x09b50000, 0x0b6c0000, 0x14600000)
   the space 28096K,  59% used [0x09b50000, 0x0abc5e60, 0x0abc6000, 0x0b6c0000)
 Metaspace       used 19552K, capacity 20412K, committed 20480K, reserved 20864K
}
Event: 3.354 GC heap before
{Heap before GC invocations=82 (full 3):
 def new generation   total 12672K, used 11264K [0x04600000, 0x053c0000, 0x09b50000)
  eden space 11264K, 100% used [0x04600000, 0x05100000, 0x05100000)
  from space 1408K,   0% used [0x05100000, 0x05100000, 0x05260000)
  to   space 1408K,   0% used [0x05260000, 0x05260000, 0x053c0000)
 tenured generation   total 28096K, used 16855K [0x09b50000, 0x0b6c0000, 0x14600000)
   the space 28096K,  59% used [0x09b50000, 0x0abc5e60, 0x0abc6000, 0x0b6c0000)
 Metaspace       used 19961K, capacity 20886K, committed 20992K, reserved 21888K
Event: 3.366 GC heap after
Heap after GC invocations=83 (full 3):
 def new generation   total 12672K, used 1115K [0x04600000, 0x053c0000, 0x09b50000)
  eden space 11264K,   0% used [0x04600000, 0x04600000, 0x05100000)
  from space 1408K,  79% used [0x05260000, 0x05376dc8, 0x053c0000)
  to   space 1408K,   0% used [0x05100000, 0x05100000, 0x05260000)
 tenured generation   total 28096K, used 16855K [0x09b50000, 0x0b6c0000, 0x14600000)
   the space 28096K,  59% used [0x09b50000, 0x0abc5e60, 0x0abc6000, 0x0b6c0000)
 Metaspace       used 19961K, capacity 20886K, committed 20992K, reserved 21888K
}
Event: 3.495 GC heap before
{Heap before GC invocations=83 (full 3):
 def new generation   total 12672K, used 12379K [0x04600000, 0x053c0000, 0x09b50000)
  eden space 11264K, 100% used [0x04600000, 0x05100000, 0x05100000)
  from space 1408K,  79% used [0x05260000, 0x05376dc8, 0x053c0000)
  to   space 1408K,   0% used [0x05100000, 0x05100000, 0x05260000)
 tenured generation   total 28096K, used 16855K [0x09b50000, 0x0b6c0000, 0x14600000)
   the space 28096K,  59% used [0x09b50000, 0x0abc5e60, 0x0abc6000, 0x0b6c0000)
 Metaspace       used 21036K, capacity 21977K, committed 22016K, reserved 22912K
Event: 3.503 GC heap after
Heap after GC invocations=84 (full 3):
 def new generation   total 12672K, used 1408K [0x04600000, 0x053c0000, 0x09b50000)
  eden space 11264K,   0% used [0x04600000, 0x04600000, 0x05100000)
  from space 1408K, 100% used [0x05100000, 0x05260000, 0x05260000)
  to   space 1408K,   0% used [0x05260000, 0x05260000, 0x053c0000)
 tenured generation   total 28096K, used 17724K [0x09b50000, 0x0b6c0000, 0x14600000)
   the space 28096K,  63% used [0x09b50000, 0x0ac9f1d0, 0x0ac9f200, 0x0b6c0000)
 Metaspace       used 21036K, capacity 21977K, committed 22016K, reserved 22912K
}
Event: 3.672 GC heap before
{Heap before GC invocations=84 (full 3):
 def new generation   total 12672K, used 12672K [0x04600000, 0x053c0000, 0x09b50000)
  eden space 11264K, 100% used [0x04600000, 0x05100000, 0x05100000)
  from space 1408K, 100% used [0x05100000, 0x05260000, 0x05260000)
  to   space 1408K,   0% used [0x05260000, 0x05260000, 0x053c0000)
 tenured generation   total 28096K, used 17724K [0x09b50000, 0x0b6c0000, 0x14600000)
   the space 28096K,  63% used [0x09b50000, 0x0ac9f1d0, 0x0ac9f200, 0x0b6c0000)
 Metaspace       used 22140K, capacity 23090K, committed 23168K, reserved 23936K
Event: 3.679 GC heap after
Heap after GC invocations=85 (full 3):
 def new generation   total 12672K, used 1408K [0x04600000, 0x053c0000, 0x09b50000)
  eden space 11264K,   0% used [0x04600000, 0x04600000, 0x05100000)
  from space 1408K, 100% used [0x05260000, 0x053c0000, 0x053c0000)
  to   space 1408K,   0% used [0x05100000, 0x05100000, 0x05260000)
 tenured generation   total 28096K, used 18995K [0x09b50000, 0x0b6c0000, 0x14600000)
   the space 28096K,  67% used [0x09b50000, 0x0addce78, 0x0addd000, 0x0b6c0000)
 Metaspace       used 22140K, capacity 23090K, committed 23168K, reserved 23936K
}

